<?xml version="1.0" encoding="UTF-8"?>
<testsuite xmlns:xsi="http://www.w3.org/2001/XMLSchema-instance" xsi:noNamespaceSchemaLocation="https://maven.apache.org/surefire/maven-surefire-plugin/xsd/surefire-test-report.xsd" version="3.0.2" name="TestSuite" time="6.267" tests="2" errors="0" skipped="0" failures="0">
  <properties>
[...]
</properties>
  <testcase name="test1" classname="oauth.OAuth" time="3.944">
    <system-out><![CDATA[Request method:	POST
Request URI:	https://rahulshettyacademy.com/oauthapi/oauth2/resourceOwner/token
Proxy:			<none>
Request params:	<none>
Query params:	<none>
Form params:	client_id=692183103107-p0m7ent2hk7suguv4vq22hjcfhcr43pj.apps.googleusercontent.com
				client_secret=erZOWM9g3UtwNRj340YYaK_W
				grant_type=client_credentials
				scope=trust
Path params:	<none>
Headers:		Accept=*/*
				Content-Type=application/x-www-form-urlencoded; charset=ISO-8859-1
Cookies:		<none>
Multiparts:		<none>
Body:			<none>
{"access_token":"AVF4BwHwKkoq1OGkpaPhQA==","token_type":"Bearer","expires_in":3600,"refresh_token":"\/A\/TYHOs9SrQl6nsvoB3Wg==","scope":"create"}
AVF4BwHwKkoq1OGkpaPhQA==
{"instructor":"RahulShetty","url":"rahulshettycademy.com","services":"projectSupport","expertise":"Automation","courses":{"webAutomation":[{"courseTitle":"Selenium Webdriver Java","price":"50"},{"courseTitle":"Cypress","price":"40"},{"courseTitle":"Protractor","price":"40"}],"api":[{"courseTitle":"Rest Assured Automation using Java","price":"50"},{"courseTitle":"SoapUI Webservices testing","price":"40"}],"mobile":[{"courseTitle":"Appium-Mobile Automation using Java","price":"50"}]},"linkedIn":"https:\/\/www.linkedin.com\/in\/rahul-shetty-trainer\/"}
]]></system-out>
    <system-err><![CDATA[SLF4J(W): No SLF4J providers were found.
SLF4J(W): Defaulting to no-operation (NOP) logger implementation
SLF4J(W): See https://www.slf4j.org/codes.html#noProviders for further details.
]]></system-err>
  </testcase>
  <testcase name="test2" classname="oauth.OAuth" time="1.204">
    <system-out><![CDATA[Request method:	POST
Request URI:	https://rahulshettyacademy.com/oauthapi/oauth2/resourceOwner/token
Proxy:			<none>
Request params:	<none>
Query params:	<none>
Form params:	client_id=692183103107-p0m7ent2hk7suguv4vq22hjcfhcr43pj.apps.googleusercontent.com
				client_secret=erZOWM9g3UtwNRj340YYaK_W
				grant_type=client_credentials
				scope=trust
Path params:	<none>
Headers:		Accept=*/*
				Content-Type=application/x-www-form-urlencoded; charset=ISO-8859-1
Cookies:		<none>
Multiparts:		<none>
Body:			<none>
{"access_token":"LR6Iga7hezoiZ8RYLe0qDw==","token_type":"Bearer","expires_in":3600,"refresh_token":"UqIfVAAXsSwbQ+XEfSDfhg==","scope":"create"}
LR6Iga7hezoiZ8RYLe0qDw==
https://www.linkedin.com/in/rahul-shetty-trainer/
]]></system-out>
  </testcase>
</testsuite>