<?xml version="1.0" encoding="UTF-8"?>
<testng-results ignored="0" total="3" passed="3" failed="0" skipped="0">
  <reporter-output>
  </reporter-output>
  <suite started-at="2025-12-05T18:55:45 IST" name="Suite" finished-at="2025-12-05T18:55:50 IST" duration-ms="4818">
    <groups>
    </groups>
    <test started-at="2025-12-05T18:55:45 IST" name="Test" finished-at="2025-12-05T18:55:50 IST" duration-ms="4818">
      <class name="serialisation.MapsApiSerialisation">
        <test-method signature="test1()[pri:0, instance:serialisation.MapsApiSerialisation@636be97c]" started-at="2025-12-05T18:55:50 IST" name="test1" finished-at="2025-12-05T18:55:50 IST" duration-ms="455" status="PASS">
          <reporter-output>
          </reporter-output>
        </test-method> <!-- test1 -->
      </class> <!-- serialisation.MapsApiSerialisation -->
      <class name="oauth.OAuth">
        <test-method signature="test1()[pri:0, instance:oauth.OAuth@635eaaf1]" started-at="2025-12-05T18:55:45 IST" name="test1" finished-at="2025-12-05T18:55:49 IST" duration-ms="3513" status="PASS">
          <reporter-output>
          </reporter-output>
        </test-method> <!-- test1 -->
        <test-method signature="test2()[pri:0, instance:oauth.OAuth@635eaaf1]" started-at="2025-12-05T18:55:49 IST" name="test2" finished-at="2025-12-05T18:55:50 IST" duration-ms="772" status="PASS">
          <reporter-output>
          </reporter-output>
        </test-method> <!-- test2 -->
      </class> <!-- oauth.OAuth -->
    </test> <!-- Test -->
  </suite> <!-- Suite -->
</testng-results>
