<?xml version="1.0" encoding="UTF-8"?>
<testsuite xmlns:xsi="http://www.w3.org/2001/XMLSchema-instance" xsi:noNamespaceSchemaLocation="https://maven.apache.org/surefire/maven-surefire-plugin/xsd/surefire-test-report.xsd" version="3.0.2" name="TestSuite" time="5.728" tests="3" errors="0" skipped="0" failures="0">
  <properties>
[...]
</properties>
  <testcase name="test1" classname="oauth.OAuth" time="3.514">
    <system-out><![CDATA[Request method:	POST
Request URI:	https://rahulshettyacademy.com/oauthapi/oauth2/resourceOwner/token
Proxy:			<none>
Request params:	<none>
Query params:	<none>
Form params:	client_id=692183103107-p0m7ent2hk7suguv4vq22hjcfhcr43pj.apps.googleusercontent.com
				client_secret=erZOWM9g3UtwNRj340YYaK_W
				grant_type=client_credentials
				scope=trust
Path params:	<none>
Headers:		Accept=*/*
				Content-Type=application/x-www-form-urlencoded; charset=ISO-8859-1
Cookies:		<none>
Multiparts:		<none>
Body:			<none>
{"access_token":"28\/q6FQIzdwpVr\/UsgHLYQ==","token_type":"Bearer","expires_in":3600,"refresh_token":"LeGCfaOWQR32CMRe63a5Mg==","scope":"create"}
28/q6FQIzdwpVr/UsgHLYQ==
{"instructor":"RahulShetty","url":"rahulshettycademy.com","services":"projectSupport","expertise":"Automation","courses":{"webAutomation":[{"courseTitle":"Selenium Webdriver Java","price":"50"},{"courseTitle":"Cypress","price":"40"},{"courseTitle":"Protractor","price":"40"}],"api":[{"courseTitle":"Rest Assured Automation using Java","price":"50"},{"courseTitle":"SoapUI Webservices testing","price":"40"}],"mobile":[{"courseTitle":"Appium-Mobile Automation using Java","price":"50"}]},"linkedIn":"https:\/\/www.linkedin.com\/in\/rahul-shetty-trainer\/"}
]]></system-out>
    <system-err><![CDATA[SLF4J(W): No SLF4J providers were found.
SLF4J(W): Defaulting to no-operation (NOP) logger implementation
SLF4J(W): See https://www.slf4j.org/codes.html#noProviders for further details.
]]></system-err>
  </testcase>
  <testcase name="test2" classname="oauth.OAuth" time="0.768">
    <system-out><![CDATA[Request method:	POST
Request URI:	https://rahulshettyacademy.com/oauthapi/oauth2/resourceOwner/token
Proxy:			<none>
Request params:	<none>
Query params:	<none>
Form params:	client_id=692183103107-p0m7ent2hk7suguv4vq22hjcfhcr43pj.apps.googleusercontent.com
				client_secret=erZOWM9g3UtwNRj340YYaK_W
				grant_type=client_credentials
				scope=trust
Path params:	<none>
Headers:		Accept=*/*
				Content-Type=application/x-www-form-urlencoded; charset=ISO-8859-1
Cookies:		<none>
Multiparts:		<none>
Body:			<none>
{"access_token":"n87weYYpoU8CXp4TMnEZkA==","token_type":"Bearer","expires_in":3600,"refresh_token":"1ww9prKLctCBy7ZoY\/nbWA==","scope":"create"}
n87weYYpoU8CXp4TMnEZkA==
https://www.linkedin.com/in/rahul-shetty-trainer/
------------Courses of WebAutomation--------------
Course title of :Selenium Webdriver Java
--------------------------
------------Courses of WebAutomation--------------
Course title of :Cypress
--------------------------
------------Courses of WebAutomation--------------
Course title of :Protractor
--------------------------
]]></system-out>
  </testcase>
  <testcase name="test1" classname="serialisation.MapsApiSerialisation" time="0.466">
    <system-out><![CDATA[Request method:	POST
Request URI:	https://rahulshettyacademy.com/maps/api/place/add/json?key=qaclick123
Proxy:			<none>
Request params:	<none>
Query params:	key=qaclick123
Form params:	<none>
Path params:	<none>
Headers:		Accept=*/*
				Content-Type=text/plain; charset=ISO-8859-1
Cookies:		<none>
Multiparts:		<none>
Body:
{"location":{"lat":1234567.0,"lng":2345678.0},"accuracy":90,"name":"My House","phone_number":"7989102289","address":"29, side layout, nagulapadu village 09","types":["One","two"],"website":"www.google.com","language":"English en"}
HTTP/1.1 200 OK
Date: Fri, 05 Dec 2025 13:25:50 GMT
Server: Apache/2.4.52 (Ubuntu)
Access-Control-Allow-Origin: *
Access-Control-Allow-Methods: POST
Access-Control-Max-Age: 3600
Access-Control-Allow-Headers: Content-Type, Access-Control-Allow-Headers, Authorization, X-Requested-With
Content-Length: 194
Keep-Alive: timeout=5, max=100
Connection: Keep-Alive
Content-Type: application/json;charset=UTF-8

{
    "status": "OK",
    "place_id": "ba327afc31aa7f6d0edded7166294e9e",
    "scope": "APP",
    "reference": "d11109458b30c9ba0bc21a36b6e7ee87d11109458b30c9ba0bc21a36b6e7ee87",
    "id": "d11109458b30c9ba0bc21a36b6e7ee87"
}
]]></system-out>
  </testcase>
</testsuite>