<?xml version="1.0" encoding="UTF-8"?>
<testng-results ignored="0" total="1" passed="1" failed="0" skipped="0">
  <reporter-output>
  </reporter-output>
  <suite started-at="2025-12-05T18:26:51 IST" name="Default suite" finished-at="2025-12-05T18:26:55 IST" duration-ms="3960">
    <groups>
    </groups>
    <test started-at="2025-12-05T18:26:51 IST" name="Default test" finished-at="2025-12-05T18:26:55 IST" duration-ms="3960">
      <class name="serialisation.MapsApiSerialisation">
        <test-method signature="test1()[pri:0, instance:serialisation.MapsApiSerialisation@5c33f1a9]" started-at="2025-12-05T18:26:51 IST" name="test1" finished-at="2025-12-05T18:26:55 IST" duration-ms="3884" status="PASS">
          <reporter-output>
          </reporter-output>
        </test-method> <!-- test1 -->
      </class> <!-- serialisation.MapsApiSerialisation -->
    </test> <!-- Default test -->
  </suite> <!-- Default suite -->
</testng-results>
