<?xml version="1.0" encoding="UTF-8"?>
<!-- Generated by org.testng.reporters.JUnitReportReporter -->
<testsuite hostname="DESKTOP-73IGLM2" failures="0" tests="4" name="library.DynamicJSON" time="0.605" errors="0" timestamp="2025-12-04T15:36:27 IST" skipped="0">
  <testcase classname="library.DynamicJSON" name="AddBook" time="0.141"/>
  <testcase classname="library.DynamicJSON" name="AddBookByStaticJson" time="0.140"/>
  <testcase classname="library.DynamicJSON" name="AddBook" time="0.177"/>
  <testcase classname="library.DynamicJSON" name="AddBook" time="0.147"/>
</testsuite> <!-- library.DynamicJSON -->
